<?xml version="1.0" encoding="UTF-8"?>
<testsuite name="should allow" tests="1" skipped="0" failures="0" errors="0" timestamp="2020-09-03T09:28:08" hostname="Hackintosh.local" time="0.001">
  <properties/>
  <testcase name="seeingNumberOfShapeSide" classname="com.glancebar.gradle.ExampleTests$GroupingTest$ShouldAllow" time="0.001"/>
  <system-out><![CDATA[]]></system-out>
  <system-err><![CDATA[]]></system-err>
</testsuite>
